[ info ] loading hooks...
[ info ] generating indexes...
[ info ] codegen: created 5 file(s)
[ info ] booting application to run tests...
❯ Already up to date

functional / Purchases (tests\functional\purchases.spec.ts)
❯ Already up to date
{"level":50,"time":1773371266016,"pid":15596,"hostname":"H110","request_id":"79ee7eb7-8974-406e-a08b-180fefbf7869","err":{"type":"Error","message":"  \u001b[31m├ù\u001b[0m Unexpected token `)`. Expected identifier, string literal, numeric literal or [ for the computed key\n    Ôò¡ÔöÇ[\u001b[36;1;4mC:\\dev\\backend-III\\betalent-api\\app\\services\\purchase_service.ts:81:1\u001b[0m]\n \u001b[2m78\u001b[0m Ôöé         await transaction.related('products').attach(pivotData)\n \u001b[2m79\u001b[0m Ôöé \n \u001b[2m80\u001b[0m Ôöé         return transaction\n \u001b[2m81\u001b[0m Ôöé       })\n    ┬À \u001b[35;1m       ÔöÇ\u001b[0m\n \u001b[2m82\u001b[0m Ôöé     } catch (error) {\n \u001b[2m83\u001b[0m Ôöé       throw new Exception('Transaction failed', {\n \u001b[2m84\u001b[0m Ôöé         status: 500,\n    Ôò░ÔöÇÔöÇÔöÇÔöÇ\n\n\nCaused by:\n    Syntax Error","stack":"Error:   \u001b[31m├ù\u001b[0m Unexpected token `)`. Expected identifier, string literal, numeric literal or [ for the computed key\n    Ôò¡ÔöÇ[\u001b[36;1;4mC:\\dev\\backend-III\\betalent-api\\app\\services\\purchase_service.ts:81:1\u001b[0m]\n \u001b[2m78\u001b[0m Ôöé         await transaction.related('products').attach(pivotData)\n \u001b[2m79\u001b[0m Ôöé \n \u001b[2m80\u001b[0m Ôöé         return transaction\n \u001b[2m81\u001b[0m Ôöé       })\n    ┬À \u001b[35;1m       ÔöÇ\u001b[0m\n \u001b[2m82\u001b[0m Ôöé     } catch (error) {\n \u001b[2m83\u001b[0m Ôöé       throw new Exception('Transaction failed', {\n \u001b[2m84\u001b[0m Ôöé         status: 500,\n    Ôò░ÔöÇÔöÇÔöÇÔöÇ\n\n\nCaused by:\n    Syntax Error\n    at wrapAndReThrowSwcError (file:///C:/dev/backend-III/betalent-api/node_modules/@poppinss/ts-exec/build/src/loader.js:144:13)\n    at load2 (file:///C:/dev/backend-III/betalent-api/node_modules/@poppinss/ts-exec/build/src/loader.js:216:9)\n    at async nextLoad (node:internal/modules/esm/hooks:785:22)\n    at async AsyncLoaderHooksOnLoaderHookWorker.load (node:internal/modules/esm/hooks:410:20)\n    at async handleMessage (node:internal/modules/esm/worker:251:18)","status":500},"x-request-id":"79ee7eb7-8974-406e-a08b-180fefbf7869","msg":"  \u001b[31m├ù\u001b[0m Unexpected token `)`. Expected identifier, string literal, numeric literal or [ for the computed key\n    Ôò¡ÔöÇ[\u001b[36;1;4mC:\\dev\\backend-III\\betalent-api\\app\\services\\purchase_service.ts:81:1\u001b[0m]\n \u001b[2m78\u001b[0m Ôöé         await transaction.related('products').attach(pivotData)\n \u001b[2m79\u001b[0m Ôöé \n \u001b[2m80\u001b[0m Ôöé         return transaction\n \u001b[2m81\u001b[0m Ôöé       })\n    ┬À \u001b[35;1m       ÔöÇ\u001b[0m\n \u001b[2m82\u001b[0m Ôöé     } catch (error) {\n \u001b[2m83\u001b[0m Ôöé       throw new Exception('Transaction failed', {\n \u001b[2m84\u001b[0m Ôöé         status: 500,\n    Ôò░ÔöÇÔöÇÔöÇÔöÇ\n\n\nCaused by:\n    Syntax Error"}
  × purchase calcula total e cria transacao (200.23ms)
❯ Already up to date
{"level":50,"time":1773371266125,"pid":15596,"hostname":"H110","request_id":"39917ad7-2ef7-40f7-8534-1013590003df","err":{"type":"Error","message":"  \u001b[31m├ù\u001b[0m Unexpected token `)`. Expected identifier, string literal, numeric literal or [ for the computed key\n    Ôò¡ÔöÇ[\u001b[36;1;4mC:\\dev\\backend-III\\betalent-api\\app\\services\\purchase_service.ts:81:1\u001b[0m]\n \u001b[2m78\u001b[0m Ôöé         await transaction.related('products').attach(pivotData)\n \u001b[2m79\u001b[0m Ôöé \n \u001b[2m80\u001b[0m Ôöé         return transaction\n \u001b[2m81\u001b[0m Ôöé       })\n    ┬À \u001b[35;1m       ÔöÇ\u001b[0m\n \u001b[2m82\u001b[0m Ôöé     } catch (error) {\n \u001b[2m83\u001b[0m Ôöé       throw new Exception('Transaction failed', {\n \u001b[2m84\u001b[0m Ôöé         status: 500,\n    Ôò░ÔöÇÔöÇÔöÇÔöÇ\n\n\nCaused by:\n    Syntax Error","stack":"Error:   \u001b[31m├ù\u001b[0m Unexpected token `)`. Expected identifier, string literal, numeric literal or [ for the computed key\n    Ôò¡ÔöÇ[\u001b[36;1;4mC:\\dev\\backend-III\\betalent-api\\app\\services\\purchase_service.ts:81:1\u001b[0m]\n \u001b[2m78\u001b[0m Ôöé         await transaction.related('products').attach(pivotData)\n \u001b[2m79\u001b[0m Ôöé \n \u001b[2m80\u001b[0m Ôöé         return transaction\n \u001b[2m81\u001b[0m Ôöé       })\n    ┬À \u001b[35;1m       ÔöÇ\u001b[0m\n \u001b[2m82\u001b[0m Ôöé     } catch (error) {\n \u001b[2m83\u001b[0m Ôöé       throw new Exception('Transaction failed', {\n \u001b[2m84\u001b[0m Ôöé         status: 500,\n    Ôò░ÔöÇÔöÇÔöÇÔöÇ\n\n\nCaused by:\n    Syntax Error\n    at wrapAndReThrowSwcError (file:///C:/dev/backend-III/betalent-api/node_modules/@poppinss/ts-exec/build/src/loader.js:144:13)\n    at load2 (file:///C:/dev/backend-III/betalent-api/node_modules/@poppinss/ts-exec/build/src/loader.js:216:9)\n    at async nextLoad (node:internal/modules/esm/hooks:785:22)\n    at async AsyncLoaderHooksOnLoaderHookWorker.load (node:internal/modules/esm/hooks:410:20)\n    at async MessagePort.handleMessage (node:internal/modules/esm/worker:251:18)","status":500},"x-request-id":"39917ad7-2ef7-40f7-8534-1013590003df","msg":"  \u001b[31m├ù\u001b[0m Unexpected token `)`. Expected identifier, string literal, numeric literal or [ for the computed key\n    Ôò¡ÔöÇ[\u001b[36;1;4mC:\\dev\\backend-III\\betalent-api\\app\\services\\purchase_service.ts:81:1\u001b[0m]\n \u001b[2m78\u001b[0m Ôöé         await transaction.related('products').attach(pivotData)\n \u001b[2m79\u001b[0m Ôöé \n \u001b[2m80\u001b[0m Ôöé         return transaction\n \u001b[2m81\u001b[0m Ôöé       })\n    ┬À \u001b[35;1m       ÔöÇ\u001b[0m\n \u001b[2m82\u001b[0m Ôöé     } catch (error) {\n \u001b[2m83\u001b[0m Ôöé       throw new Exception('Transaction failed', {\n \u001b[2m84\u001b[0m Ôöé         status: 500,\n    Ôò░ÔöÇÔöÇÔöÇÔöÇ\n\n\nCaused by:\n    Syntax Error"}
  × persistencia do pivot transaction_products (93.13ms)
❯ Already up to date
{"level":50,"time":1773371266201,"pid":15596,"hostname":"H110","request_id":"002804ef-b559-4e6f-ba3e-6ad308216fe1","err":{"type":"Error","message":"  \u001b[31m├ù\u001b[0m Unexpected token `)`. Expected identifier, string literal, numeric literal or [ for the computed key\n    Ôò¡ÔöÇ[\u001b[36;1;4mC:\\dev\\backend-III\\betalent-api\\app\\services\\purchase_service.ts:81:1\u001b[0m]\n \u001b[2m78\u001b[0m Ôöé         await transaction.related('products').attach(pivotData)\n \u001b[2m79\u001b[0m Ôöé \n \u001b[2m80\u001b[0m Ôöé         return transaction\n \u001b[2m81\u001b[0m Ôöé       })\n    ┬À \u001b[35;1m       ÔöÇ\u001b[0m\n \u001b[2m82\u001b[0m Ôöé     } catch (error) {\n \u001b[2m83\u001b[0m Ôöé       throw new Exception('Transaction failed', {\n \u001b[2m84\u001b[0m Ôöé         status: 500,\n    Ôò░ÔöÇÔöÇÔöÇÔöÇ\n\n\nCaused by:\n    Syntax Error","stack":"Error:   \u001b[31m├ù\u001b[0m Unexpected token `)`. Expected identifier, string literal, numeric literal or [ for the computed key\n    Ôò¡ÔöÇ[\u001b[36;1;4mC:\\dev\\backend-III\\betalent-api\\app\\services\\purchase_service.ts:81:1\u001b[0m]\n \u001b[2m78\u001b[0m Ôöé         await transaction.related('products').attach(pivotData)\n \u001b[2m79\u001b[0m Ôöé \n \u001b[2m80\u001b[0m Ôöé         return transaction\n \u001b[2m81\u001b[0m Ôöé       })\n    ┬À \u001b[35;1m       ÔöÇ\u001b[0m\n \u001b[2m82\u001b[0m Ôöé     } catch (error) {\n \u001b[2m83\u001b[0m Ôöé       throw new Exception('Transaction failed', {\n \u001b[2m84\u001b[0m Ôöé         status: 500,\n    Ôò░ÔöÇÔöÇÔöÇÔöÇ\n\n\nCaused by:\n    Syntax Error\n    at wrapAndReThrowSwcError (file:///C:/dev/backend-III/betalent-api/node_modules/@poppinss/ts-exec/build/src/loader.js:144:13)\n    at load2 (file:///C:/dev/backend-III/betalent-api/node_modules/@poppinss/ts-exec/build/src/loader.js:216:9)\n    at async nextLoad (node:internal/modules/esm/hooks:785:22)\n    at async AsyncLoaderHooksOnLoaderHookWorker.load (node:internal/modules/esm/hooks:410:20)\n    at async MessagePort.handleMessage (node:internal/modules/esm/worker:251:18)","status":500},"x-request-id":"002804ef-b559-4e6f-ba3e-6ad308216fe1","msg":"  \u001b[31m├ù\u001b[0m Unexpected token `)`. Expected identifier, string literal, numeric literal or [ for the computed key\n    Ôò¡ÔöÇ[\u001b[36;1;4mC:\\dev\\backend-III\\betalent-api\\app\\services\\purchase_service.ts:81:1\u001b[0m]\n \u001b[2m78\u001b[0m Ôöé         await transaction.related('products').attach(pivotData)\n \u001b[2m79\u001b[0m Ôöé \n \u001b[2m80\u001b[0m Ôöé         return transaction\n \u001b[2m81\u001b[0m Ôöé       })\n    ┬À \u001b[35;1m       ÔöÇ\u001b[0m\n \u001b[2m82\u001b[0m Ôöé     } catch (error) {\n \u001b[2m83\u001b[0m Ôöé       throw new Exception('Transaction failed', {\n \u001b[2m84\u001b[0m Ôöé         status: 500,\n    Ôò░ÔöÇÔöÇÔöÇÔöÇ\n\n\nCaused by:\n    Syntax Error"}
  × purchase falha quando produto nao existe (72.34ms)
❯ Already up to date
{"level":50,"time":1773371266259,"pid":15596,"hostname":"H110","request_id":"08617543-dbb6-485f-a6bb-4b4b40224a7a","err":{"type":"Error","message":"  \u001b[31m├ù\u001b[0m Unexpected token `)`. Expected identifier, string literal, numeric literal or [ for the computed key\n    Ôò¡ÔöÇ[\u001b[36;1;4mC:\\dev\\backend-III\\betalent-api\\app\\services\\purchase_service.ts:81:1\u001b[0m]\n \u001b[2m78\u001b[0m Ôöé         await transaction.related('products').attach(pivotData)\n \u001b[2m79\u001b[0m Ôöé \n \u001b[2m80\u001b[0m Ôöé         return transaction\n \u001b[2m81\u001b[0m Ôöé       })\n    ┬À \u001b[35;1m       ÔöÇ\u001b[0m\n \u001b[2m82\u001b[0m Ôöé     } catch (error) {\n \u001b[2m83\u001b[0m Ôöé       throw new Exception('Transaction failed', {\n \u001b[2m84\u001b[0m Ôöé         status: 500,\n    Ôò░ÔöÇÔöÇÔöÇÔöÇ\n\n\nCaused by:\n    Syntax Error","stack":"Error:   \u001b[31m├ù\u001b[0m Unexpected token `)`. Expected identifier, string literal, numeric literal or [ for the computed key\n    Ôò¡ÔöÇ[\u001b[36;1;4mC:\\dev\\backend-III\\betalent-api\\app\\services\\purchase_service.ts:81:1\u001b[0m]\n \u001b[2m78\u001b[0m Ôöé         await transaction.related('products').attach(pivotData)\n \u001b[2m79\u001b[0m Ôöé \n \u001b[2m80\u001b[0m Ôöé         return transaction\n \u001b[2m81\u001b[0m Ôöé       })\n    ┬À \u001b[35;1m       ÔöÇ\u001b[0m\n \u001b[2m82\u001b[0m Ôöé     } catch (error) {\n \u001b[2m83\u001b[0m Ôöé       throw new Exception('Transaction failed', {\n \u001b[2m84\u001b[0m Ôöé         status: 500,\n    Ôò░ÔöÇÔöÇÔöÇÔöÇ\n\n\nCaused by:\n    Syntax Error\n    at wrapAndReThrowSwcError (file:///C:/dev/backend-III/betalent-api/node_modules/@poppinss/ts-exec/build/src/loader.js:144:13)\n    at load2 (file:///C:/dev/backend-III/betalent-api/node_modules/@poppinss/ts-exec/build/src/loader.js:216:9)\n    at async nextLoad (node:internal/modules/esm/hooks:785:22)\n    at async AsyncLoaderHooksOnLoaderHookWorker.load (node:internal/modules/esm/hooks:410:20)\n    at async MessagePort.handleMessage (node:internal/modules/esm/worker:251:18)","status":500},"x-request-id":"08617543-dbb6-485f-a6bb-4b4b40224a7a","msg":"  \u001b[31m├ù\u001b[0m Unexpected token `)`. Expected identifier, string literal, numeric literal or [ for the computed key\n    Ôò¡ÔöÇ[\u001b[36;1;4mC:\\dev\\backend-III\\betalent-api\\app\\services\\purchase_service.ts:81:1\u001b[0m]\n \u001b[2m78\u001b[0m Ôöé         await transaction.related('products').attach(pivotData)\n \u001b[2m79\u001b[0m Ôöé \n \u001b[2m80\u001b[0m Ôöé         return transaction\n \u001b[2m81\u001b[0m Ôöé       })\n    ┬À \u001b[35;1m       ÔöÇ\u001b[0m\n \u001b[2m82\u001b[0m Ôöé     } catch (error) {\n \u001b[2m83\u001b[0m Ôöé       throw new Exception('Transaction failed', {\n \u001b[2m84\u001b[0m Ôöé         status: 500,\n    Ôò░ÔöÇÔöÇÔöÇÔöÇ\n\n\nCaused by:\n    Syntax Error"}
  × payload invalido retorna 422 (59.86ms)
❯ Already up to date
{"level":50,"time":1773371266368,"pid":15596,"hostname":"H110","request_id":"813f6973-21cf-4259-85e9-ed78cd9b38ab","err":{"type":"Error","message":"  \u001b[31m├ù\u001b[0m Unexpected token `)`. Expected identifier, string literal, numeric literal or [ for the computed key\n    Ôò¡ÔöÇ[\u001b[36;1;4mC:\\dev\\backend-III\\betalent-api\\app\\services\\purchase_service.ts:81:1\u001b[0m]\n \u001b[2m78\u001b[0m Ôöé         await transaction.related('products').attach(pivotData)\n \u001b[2m79\u001b[0m Ôöé \n \u001b[2m80\u001b[0m Ôöé         return transaction\n \u001b[2m81\u001b[0m Ôöé       })\n    ┬À \u001b[35;1m       ÔöÇ\u001b[0m\n \u001b[2m82\u001b[0m Ôöé     } catch (error) {\n \u001b[2m83\u001b[0m Ôöé       throw new Exception('Transaction failed', {\n \u001b[2m84\u001b[0m Ôöé         status: 500,\n    Ôò░ÔöÇÔöÇÔöÇÔöÇ\n\n\nCaused by:\n    Syntax Error","stack":"Error:   \u001b[31m├ù\u001b[0m Unexpected token `)`. Expected identifier, string literal, numeric literal or [ for the computed key\n    Ôò¡ÔöÇ[\u001b[36;1;4mC:\\dev\\backend-III\\betalent-api\\app\\services\\purchase_service.ts:81:1\u001b[0m]\n \u001b[2m78\u001b[0m Ôöé         await transaction.related('products').attach(pivotData)\n \u001b[2m79\u001b[0m Ôöé \n \u001b[2m80\u001b[0m Ôöé         return transaction\n \u001b[2m81\u001b[0m Ôöé       })\n    ┬À \u001b[35;1m       ÔöÇ\u001b[0m\n \u001b[2m82\u001b[0m Ôöé     } catch (error) {\n \u001b[2m83\u001b[0m Ôöé       throw new Exception('Transaction failed', {\n \u001b[2m84\u001b[0m Ôöé         status: 500,\n    Ôò░ÔöÇÔöÇÔöÇÔöÇ\n\n\nCaused by:\n    Syntax Error\n    at wrapAndReThrowSwcError (file:///C:/dev/backend-III/betalent-api/node_modules/@poppinss/ts-exec/build/src/loader.js:144:13)\n    at load2 (file:///C:/dev/backend-III/betalent-api/node_modules/@poppinss/ts-exec/build/src/loader.js:216:9)\n    at async nextLoad (node:internal/modules/esm/hooks:785:22)\n    at async AsyncLoaderHooksOnLoaderHookWorker.load (node:internal/modules/esm/hooks:410:20)\n    at async MessagePort.handleMessage (node:internal/modules/esm/worker:251:18)","status":500},"x-request-id":"813f6973-21cf-4259-85e9-ed78cd9b38ab","msg":"  \u001b[31m├ù\u001b[0m Unexpected token `)`. Expected identifier, string literal, numeric literal or [ for the computed key\n    Ôò¡ÔöÇ[\u001b[36;1;4mC:\\dev\\backend-III\\betalent-api\\app\\services\\purchase_service.ts:81:1\u001b[0m]\n \u001b[2m78\u001b[0m Ôöé         await transaction.related('products').attach(pivotData)\n \u001b[2m79\u001b[0m Ôöé \n \u001b[2m80\u001b[0m Ôöé         return transaction\n \u001b[2m81\u001b[0m Ôöé       })\n    ┬À \u001b[35;1m       ÔöÇ\u001b[0m\n \u001b[2m82\u001b[0m Ôöé     } catch (error) {\n \u001b[2m83\u001b[0m Ôöé       throw new Exception('Transaction failed', {\n \u001b[2m84\u001b[0m Ôöé         status: 500,\n    Ôò░ÔöÇÔöÇÔöÇÔöÇ\n\n\nCaused by:\n    Syntax Error"}
  × fallback: gateway1 falha e gateway2 succeed (107.38ms)
❯ Already up to date
{"level":50,"time":1773371266464,"pid":15596,"hostname":"H110","request_id":"4643e3c6-bc3a-4476-9796-35bcfb8a1ba1","err":{"type":"Error","message":"  \u001b[31m├ù\u001b[0m Unexpected token `)`. Expected identifier, string literal, numeric literal or [ for the computed key\n    Ôò¡ÔöÇ[\u001b[36;1;4mC:\\dev\\backend-III\\betalent-api\\app\\services\\purchase_service.ts:81:1\u001b[0m]\n \u001b[2m78\u001b[0m Ôöé         await transaction.related('products').attach(pivotData)\n \u001b[2m79\u001b[0m Ôöé \n \u001b[2m80\u001b[0m Ôöé         return transaction\n \u001b[2m81\u001b[0m Ôöé       })\n    ┬À \u001b[35;1m       ÔöÇ\u001b[0m\n \u001b[2m82\u001b[0m Ôöé     } catch (error) {\n \u001b[2m83\u001b[0m Ôöé       throw new Exception('Transaction failed', {\n \u001b[2m84\u001b[0m Ôöé         status: 500,\n    Ôò░ÔöÇÔöÇÔöÇÔöÇ\n\n\nCaused by:\n    Syntax Error","stack":"Error:   \u001b[31m├ù\u001b[0m Unexpected token `)`. Expected identifier, string literal, numeric literal or [ for the computed key\n    Ôò¡ÔöÇ[\u001b[36;1;4mC:\\dev\\backend-III\\betalent-api\\app\\services\\purchase_service.ts:81:1\u001b[0m]\n \u001b[2m78\u001b[0m Ôöé         await transaction.related('products').attach(pivotData)\n \u001b[2m79\u001b[0m Ôöé \n \u001b[2m80\u001b[0m Ôöé         return transaction\n \u001b[2m81\u001b[0m Ôöé       })\n    ┬À \u001b[35;1m       ÔöÇ\u001b[0m\n \u001b[2m82\u001b[0m Ôöé     } catch (error) {\n \u001b[2m83\u001b[0m Ôöé       throw new Exception('Transaction failed', {\n \u001b[2m84\u001b[0m Ôöé         status: 500,\n    Ôò░ÔöÇÔöÇÔöÇÔöÇ\n\n\nCaused by:\n    Syntax Error\n    at wrapAndReThrowSwcError (file:///C:/dev/backend-III/betalent-api/node_modules/@poppinss/ts-exec/build/src/loader.js:144:13)\n    at load2 (file:///C:/dev/backend-III/betalent-api/node_modules/@poppinss/ts-exec/build/src/loader.js:216:9)\n    at async nextLoad (node:internal/modules/esm/hooks:785:22)\n    at async AsyncLoaderHooksOnLoaderHookWorker.load (node:internal/modules/esm/hooks:410:20)\n    at async MessagePort.handleMessage (node:internal/modules/esm/worker:251:18)","status":500},"x-request-id":"4643e3c6-bc3a-4476-9796-35bcfb8a1ba1","msg":"  \u001b[31m├ù\u001b[0m Unexpected token `)`. Expected identifier, string literal, numeric literal or [ for the computed key\n    Ôò¡ÔöÇ[\u001b[36;1;4mC:\\dev\\backend-III\\betalent-api\\app\\services\\purchase_service.ts:81:1\u001b[0m]\n \u001b[2m78\u001b[0m Ôöé         await transaction.related('products').attach(pivotData)\n \u001b[2m79\u001b[0m Ôöé \n \u001b[2m80\u001b[0m Ôöé         return transaction\n \u001b[2m81\u001b[0m Ôöé       })\n    ┬À \u001b[35;1m       ÔöÇ\u001b[0m\n \u001b[2m82\u001b[0m Ôöé     } catch (error) {\n \u001b[2m83\u001b[0m Ôöé       throw new Exception('Transaction failed', {\n \u001b[2m84\u001b[0m Ôöé         status: 500,\n    Ôò░ÔöÇÔöÇÔöÇÔöÇ\n\n\nCaused by:\n    Syntax Error"}
  × prioridade define gateway utilizado (94.41ms)
❯ Already up to date
{"level":50,"time":1773371266551,"pid":15596,"hostname":"H110","request_id":"1d11ac26-a172-436b-9437-ebde2d239b07","err":{"type":"Error","message":"  \u001b[31m├ù\u001b[0m Unexpected token `)`. Expected identifier, string literal, numeric literal or [ for the computed key\n    Ôò¡ÔöÇ[\u001b[36;1;4mC:\\dev\\backend-III\\betalent-api\\app\\services\\purchase_service.ts:81:1\u001b[0m]\n \u001b[2m78\u001b[0m Ôöé         await transaction.related('products').attach(pivotData)\n \u001b[2m79\u001b[0m Ôöé \n \u001b[2m80\u001b[0m Ôöé         return transaction\n \u001b[2m81\u001b[0m Ôöé       })\n    ┬À \u001b[35;1m       ÔöÇ\u001b[0m\n \u001b[2m82\u001b[0m Ôöé     } catch (error) {\n \u001b[2m83\u001b[0m Ôöé       throw new Exception('Transaction failed', {\n \u001b[2m84\u001b[0m Ôöé         status: 500,\n    Ôò░ÔöÇÔöÇÔöÇÔöÇ\n\n\nCaused by:\n    Syntax Error","stack":"Error:   \u001b[31m├ù\u001b[0m Unexpected token `)`. Expected identifier, string literal, numeric literal or [ for the computed key\n    Ôò¡ÔöÇ[\u001b[36;1;4mC:\\dev\\backend-III\\betalent-api\\app\\services\\purchase_service.ts:81:1\u001b[0m]\n \u001b[2m78\u001b[0m Ôöé         await transaction.related('products').attach(pivotData)\n \u001b[2m79\u001b[0m Ôöé \n \u001b[2m80\u001b[0m Ôöé         return transaction\n \u001b[2m81\u001b[0m Ôöé       })\n    ┬À \u001b[35;1m       ÔöÇ\u001b[0m\n \u001b[2m82\u001b[0m Ôöé     } catch (error) {\n \u001b[2m83\u001b[0m Ôöé       throw new Exception('Transaction failed', {\n \u001b[2m84\u001b[0m Ôöé         status: 500,\n    Ôò░ÔöÇÔöÇÔöÇÔöÇ\n\n\nCaused by:\n    Syntax Error\n    at wrapAndReThrowSwcError (file:///C:/dev/backend-III/betalent-api/node_modules/@poppinss/ts-exec/build/src/loader.js:144:13)\n    at load2 (file:///C:/dev/backend-III/betalent-api/node_modules/@poppinss/ts-exec/build/src/loader.js:216:9)\n    at async nextLoad (node:internal/modules/esm/hooks:785:22)\n    at async AsyncLoaderHooksOnLoaderHookWorker.load (node:internal/modules/esm/hooks:410:20)\n    at async MessagePort.handleMessage (node:internal/modules/esm/worker:251:18)","status":500},"x-request-id":"1d11ac26-a172-436b-9437-ebde2d239b07","msg":"  \u001b[31m├ù\u001b[0m Unexpected token `)`. Expected identifier, string literal, numeric literal or [ for the computed key\n    Ôò¡ÔöÇ[\u001b[36;1;4mC:\\dev\\backend-III\\betalent-api\\app\\services\\purchase_service.ts:81:1\u001b[0m]\n \u001b[2m78\u001b[0m Ôöé         await transaction.related('products').attach(pivotData)\n \u001b[2m79\u001b[0m Ôöé \n \u001b[2m80\u001b[0m Ôöé         return transaction\n \u001b[2m81\u001b[0m Ôöé       })\n    ┬À \u001b[35;1m       ÔöÇ\u001b[0m\n \u001b[2m82\u001b[0m Ôöé     } catch (error) {\n \u001b[2m83\u001b[0m Ôöé       throw new Exception('Transaction failed', {\n \u001b[2m84\u001b[0m Ôöé         status: 500,\n    Ôò░ÔöÇÔöÇÔöÇÔöÇ\n\n\nCaused by:\n    Syntax Error"}
  × todos gateways falham retorna 502 (87.82ms)
❯ Already up to date
{"level":50,"time":1773371266646,"pid":15596,"hostname":"H110","request_id":"c8e9f93f-8f5c-4faf-9eb1-9bb563ff4494","err":{"type":"Error","message":"  \u001b[31m├ù\u001b[0m Unexpected token `)`. Expected identifier, string literal, numeric literal or [ for the computed key\n    Ôò¡ÔöÇ[\u001b[36;1;4mC:\\dev\\backend-III\\betalent-api\\app\\services\\purchase_service.ts:81:1\u001b[0m]\n \u001b[2m78\u001b[0m Ôöé         await transaction.related('products').attach(pivotData)\n \u001b[2m79\u001b[0m Ôöé \n \u001b[2m80\u001b[0m Ôöé         return transaction\n \u001b[2m81\u001b[0m Ôöé       })\n    ┬À \u001b[35;1m       ÔöÇ\u001b[0m\n \u001b[2m82\u001b[0m Ôöé     } catch (error) {\n \u001b[2m83\u001b[0m Ôöé       throw new Exception('Transaction failed', {\n \u001b[2m84\u001b[0m Ôöé         status: 500,\n    Ôò░ÔöÇÔöÇÔöÇÔöÇ\n\n\nCaused by:\n    Syntax Error","stack":"Error:   \u001b[31m├ù\u001b[0m Unexpected token `)`. Expected identifier, string literal, numeric literal or [ for the computed key\n    Ôò¡ÔöÇ[\u001b[36;1;4mC:\\dev\\backend-III\\betalent-api\\app\\services\\purchase_service.ts:81:1\u001b[0m]\n \u001b[2m78\u001b[0m Ôöé         await transaction.related('products').attach(pivotData)\n \u001b[2m79\u001b[0m Ôöé \n \u001b[2m80\u001b[0m Ôöé         return transaction\n \u001b[2m81\u001b[0m Ôöé       })\n    ┬À \u001b[35;1m       ÔöÇ\u001b[0m\n \u001b[2m82\u001b[0m Ôöé     } catch (error) {\n \u001b[2m83\u001b[0m Ôöé       throw new Exception('Transaction failed', {\n \u001b[2m84\u001b[0m Ôöé         status: 500,\n    Ôò░ÔöÇÔöÇÔöÇÔöÇ\n\n\nCaused by:\n    Syntax Error\n    at wrapAndReThrowSwcError (file:///C:/dev/backend-III/betalent-api/node_modules/@poppinss/ts-exec/build/src/loader.js:144:13)\n    at load2 (file:///C:/dev/backend-III/betalent-api/node_modules/@poppinss/ts-exec/build/src/loader.js:216:9)\n    at async nextLoad (node:internal/modules/esm/hooks:785:22)\n    at async AsyncLoaderHooksOnLoaderHookWorker.load (node:internal/modules/esm/hooks:410:20)\n    at async MessagePort.handleMessage (node:internal/modules/esm/worker:251:18)","status":500},"x-request-id":"c8e9f93f-8f5c-4faf-9eb1-9bb563ff4494","msg":"  \u001b[31m├ù\u001b[0m Unexpected token `)`. Expected identifier, string literal, numeric literal or [ for the computed key\n    Ôò¡ÔöÇ[\u001b[36;1;4mC:\\dev\\backend-III\\betalent-api\\app\\services\\purchase_service.ts:81:1\u001b[0m]\n \u001b[2m78\u001b[0m Ôöé         await transaction.related('products').attach(pivotData)\n \u001b[2m79\u001b[0m Ôöé \n \u001b[2m80\u001b[0m Ôöé         return transaction\n \u001b[2m81\u001b[0m Ôöé       })\n    ┬À \u001b[35;1m       ÔöÇ\u001b[0m\n \u001b[2m82\u001b[0m Ôöé     } catch (error) {\n \u001b[2m83\u001b[0m Ôöé       throw new Exception('Transaction failed', {\n \u001b[2m84\u001b[0m Ôöé         status: 500,\n    Ôò░ÔöÇÔöÇÔöÇÔöÇ\n\n\nCaused by:\n    Syntax Error"}
  × cliente reutilizado por email (94.98ms)
❯ Already up to date
─────────────────────────────────────────────────────────── ERRORS ──────────────────────────────────────────────────────────────

> Purchases / purchase calcula total e cria transacao

- Expected  - 1
+ Received  + 1

- 201
+ 500

ℹ AssertionError: expected 500 to equal 201

 ⁃ at Assert.equal (C:/dev/backend-III/betalent-api/node_modules/@japa/assert/build/index.js:69:19)
 ⁃ at ApiResponse.assertStatus (C:/dev/backend-III/betalent-api/node_modules/@japa/api-client/build/index.js:196:15)
 ⁃ at Object.executor (C:/dev/backend-III/betalent-api/tests/functional/purchases.spec.ts:36:14)

   31 ┃          { product_id: p1.id, quantity: 2 },
   32 ┃          { product_id: p2.id, quantity: 1 },
   33 ┃        ],
   34 ┃      })
   35 ┃
 ❯ 36 ┃      response.assertStatus(201)
   37 ┃      response.assertBodyContains({ amount: 2500, cardLastNumbers: '6063', status: 'paid' })
   38 ┃    })
   39 ┃
   40 ┃    test('persistencia do pivot transaction_products', async ({ client }) => {
   41 ┃      mockGatewaysSuccess()

 ⁃ at process.processTicksAndRejections (node:internal/process/task_queues:104:5)
 ⁃ at async #wrapTestInTimeout (C:/dev/backend-III/betalent-api/node_modules/@japa/core/build/index.js:680:4)
 ⁃ at async TestRunner.run (C:/dev/backend-III/betalent-api/node_modules/@japa/core/build/index.js:710:4)
 ⁃ at async Test$1.exec (C:/dev/backend-III/betalent-api/node_modules/@japa/core/build/index.js:918:3)
 ⁃ at async GroupRunner.run (C:/dev/backend-III/betalent-api/node_modules/@japa/core/build/index.js:259:4)
 ⁃ at async Group$1.exec (C:/dev/backend-III/betalent-api/node_modules/@japa/core/build/index.js:354:3)
 ⁃ at async SuiteRunner.run (C:/dev/backend-III/betalent-api/node_modules/@japa/core/build/index.js:1100:4)
───────────────────────────────────────────────────────────────────────────────────────────────────────────────────────────[1/8]─

> Purchases / persistencia do pivot transaction_products

- Expected  - 1
+ Received  + 1

- 201
+ 500

ℹ AssertionError: expected 500 to equal 201

 ⁃ at Assert.equal (C:/dev/backend-III/betalent-api/node_modules/@japa/assert/build/index.js:69:19)
 ⁃ at ApiResponse.assertStatus (C:/dev/backend-III/betalent-api/node_modules/@japa/api-client/build/index.js:196:15)
 ⁃ at Object.executor (C:/dev/backend-III/betalent-api/tests/functional/purchases.spec.ts:58:14)

   53 ┃          { product_id: p1.id, quantity: 2 },
   54 ┃          { product_id: p2.id, quantity: 1 },
   55 ┃        ],
   56 ┃      })
   57 ┃
 ❯ 58 ┃      response.assertStatus(201)
   59 ┃      const body = response.body() as { id?: number }
   60 ┃      if (!body.id) throw new Error('Expected transaction id')
   61 ┃
   62 ┃      const rows = await db
   63 ┃        .from('transaction_products')

 ⁃ at process.processTicksAndRejections (node:internal/process/task_queues:104:5)
 ⁃ at async #wrapTestInTimeout (C:/dev/backend-III/betalent-api/node_modules/@japa/core/build/index.js:680:4)
 ⁃ at async TestRunner.run (C:/dev/backend-III/betalent-api/node_modules/@japa/core/build/index.js:710:4)
 ⁃ at async Test$1.exec (C:/dev/backend-III/betalent-api/node_modules/@japa/core/build/index.js:918:3)
 ⁃ at async GroupRunner.run (C:/dev/backend-III/betalent-api/node_modules/@japa/core/build/index.js:259:4)
 ⁃ at async Group$1.exec (C:/dev/backend-III/betalent-api/node_modules/@japa/core/build/index.js:354:3)
 ⁃ at async SuiteRunner.run (C:/dev/backend-III/betalent-api/node_modules/@japa/core/build/index.js:1100:4)
───────────────────────────────────────────────────────────────────────────────────────────────────────────────────────────[2/8]─

> Purchases / purchase falha quando produto nao existe

- Expected  - 1
+ Received  + 1

- 404
+ 500

ℹ AssertionError: expected 500 to equal 404

 ⁃ at Assert.equal (C:/dev/backend-III/betalent-api/node_modules/@japa/assert/build/index.js:69:19)
 ⁃ at ApiResponse.assertStatus (C:/dev/backend-III/betalent-api/node_modules/@japa/api-client/build/index.js:196:15)
 ⁃ at Object.executor (C:/dev/backend-III/betalent-api/tests/functional/purchases.spec.ts:84:14)

   79 ┃        cardNumber: '5569000000006063',
   80 ┃        cvv: '010',
   81 ┃        products: [{ product_id: 999, quantity: 1 }],
   82 ┃      })
   83 ┃
 ❯ 84 ┃      response.assertStatus(404)
   85 ┃    })
   86 ┃
   87 ┃    test('payload invalido retorna 422', async ({ client }) => {
   88 ┃      mockGatewaysSuccess()
   89 ┃

 ⁃ at process.processTicksAndRejections (node:internal/process/task_queues:104:5)
 ⁃ at async #wrapTestInTimeout (C:/dev/backend-III/betalent-api/node_modules/@japa/core/build/index.js:680:4)
 ⁃ at async TestRunner.run (C:/dev/backend-III/betalent-api/node_modules/@japa/core/build/index.js:710:4)
 ⁃ at async Test$1.exec (C:/dev/backend-III/betalent-api/node_modules/@japa/core/build/index.js:918:3)
 ⁃ at async GroupRunner.run (C:/dev/backend-III/betalent-api/node_modules/@japa/core/build/index.js:259:4)
 ⁃ at async Group$1.exec (C:/dev/backend-III/betalent-api/node_modules/@japa/core/build/index.js:354:3)
 ⁃ at async SuiteRunner.run (C:/dev/backend-III/betalent-api/node_modules/@japa/core/build/index.js:1100:4)
───────────────────────────────────────────────────────────────────────────────────────────────────────────────────────────[3/8]─

> Purchases / payload invalido retorna 422

- Expected  - 1
+ Received  + 1

- 422
+ 500

ℹ AssertionError: expected 500 to equal 422

 ⁃ at Assert.equal (C:/dev/backend-III/betalent-api/node_modules/@japa/assert/build/index.js:69:19)
 ⁃ at ApiResponse.assertStatus (C:/dev/backend-III/betalent-api/node_modules/@japa/api-client/build/index.js:196:15)
 ⁃ at Object.executor (C:/dev/backend-III/betalent-api/tests/functional/purchases.spec.ts:94:14)

   89 ┃
   90 ┃      const response = await client.post('/purchase').json({
   91 ┃        email: 'buyer@example.com',
   92 ┃      })
   93 ┃
 ❯ 94 ┃      response.assertStatus(422)
   95 ┃    })
   96 ┃
   97 ┃    test('fallback: gateway1 falha e gateway2 succeed', async ({ client }) => {
   98 ┃      mockGateway1FailGateway2Success()
   99 ┃      await Gateway.query().update({ isActive: false, priority: 99 })

 ⁃ at process.processTicksAndRejections (node:internal/process/task_queues:104:5)
 ⁃ at async #wrapTestInTimeout (C:/dev/backend-III/betalent-api/node_modules/@japa/core/build/index.js:680:4)
 ⁃ at async TestRunner.run (C:/dev/backend-III/betalent-api/node_modules/@japa/core/build/index.js:710:4)
 ⁃ at async Test$1.exec (C:/dev/backend-III/betalent-api/node_modules/@japa/core/build/index.js:918:3)
 ⁃ at async GroupRunner.run (C:/dev/backend-III/betalent-api/node_modules/@japa/core/build/index.js:259:4)
 ⁃ at async Group$1.exec (C:/dev/backend-III/betalent-api/node_modules/@japa/core/build/index.js:354:3)
 ⁃ at async SuiteRunner.run (C:/dev/backend-III/betalent-api/node_modules/@japa/core/build/index.js:1100:4)
───────────────────────────────────────────────────────────────────────────────────────────────────────────────────────────[4/8]─

> Purchases / fallback: gateway1 falha e gateway2 succeed

- Expected  - 1
+ Received  + 1

- 201
+ 500

ℹ AssertionError: expected 500 to equal 201

 ⁃ at Assert.equal (C:/dev/backend-III/betalent-api/node_modules/@japa/assert/build/index.js:69:19)
 ⁃ at ApiResponse.assertStatus (C:/dev/backend-III/betalent-api/node_modules/@japa/api-client/build/index.js:196:15)
 ⁃ at Object.executor (C:/dev/backend-III/betalent-api/tests/functional/purchases.spec.ts:118:14)

   113 ┃        cardNumber: '5569000000006063',
   114 ┃        cvv: '010',
   115 ┃        products: [{ product_id: product.id, quantity: 1 }],
   116 ┃      })
   117 ┃
 ❯ 118 ┃      response.assertStatus(201)
   119 ┃      response.assertBodyContains({ gatewayId: gw2.id })
   120 ┃    })
   121 ┃
   122 ┃    test('prioridade define gateway utilizado', async ({ client }) => {
   123 ┃      mockGatewaysSuccess()

 ⁃ at process.processTicksAndRejections (node:internal/process/task_queues:104:5)
 ⁃ at async #wrapTestInTimeout (C:/dev/backend-III/betalent-api/node_modules/@japa/core/build/index.js:680:4)
 ⁃ at async TestRunner.run (C:/dev/backend-III/betalent-api/node_modules/@japa/core/build/index.js:710:4)
 ⁃ at async Test$1.exec (C:/dev/backend-III/betalent-api/node_modules/@japa/core/build/index.js:918:3)
 ⁃ at async GroupRunner.run (C:/dev/backend-III/betalent-api/node_modules/@japa/core/build/index.js:259:4)
 ⁃ at async Group$1.exec (C:/dev/backend-III/betalent-api/node_modules/@japa/core/build/index.js:354:3)
 ⁃ at async SuiteRunner.run (C:/dev/backend-III/betalent-api/node_modules/@japa/core/build/index.js:1100:4)
───────────────────────────────────────────────────────────────────────────────────────────────────────────────────────────[5/8]─

> Purchases / prioridade define gateway utilizado

- Expected  - 1
+ Received  + 1

- 201
+ 500

ℹ AssertionError: expected 500 to equal 201

 ⁃ at Assert.equal (C:/dev/backend-III/betalent-api/node_modules/@japa/assert/build/index.js:69:19)
 ⁃ at ApiResponse.assertStatus (C:/dev/backend-III/betalent-api/node_modules/@japa/api-client/build/index.js:196:15)
 ⁃ at Object.executor (C:/dev/backend-III/betalent-api/tests/functional/purchases.spec.ts:143:14)

   138 ┃        cardNumber: '5569000000006063',
   139 ┃        cvv: '010',
   140 ┃        products: [{ product_id: product.id, quantity: 1 }],
   141 ┃      })
   142 ┃
 ❯ 143 ┃      response.assertStatus(201)
   144 ┃      response.assertBodyContains({ gatewayId: gw2.id })
   145 ┃    })
   146 ┃
   147 ┃    test('todos gateways falham retorna 502', async ({ client }) => {
   148 ┃      mockAllGatewaysFail()

 ⁃ at process.processTicksAndRejections (node:internal/process/task_queues:104:5)
 ⁃ at async #wrapTestInTimeout (C:/dev/backend-III/betalent-api/node_modules/@japa/core/build/index.js:680:4)
 ⁃ at async TestRunner.run (C:/dev/backend-III/betalent-api/node_modules/@japa/core/build/index.js:710:4)
 ⁃ at async Test$1.exec (C:/dev/backend-III/betalent-api/node_modules/@japa/core/build/index.js:918:3)
 ⁃ at async GroupRunner.run (C:/dev/backend-III/betalent-api/node_modules/@japa/core/build/index.js:259:4)
 ⁃ at async Group$1.exec (C:/dev/backend-III/betalent-api/node_modules/@japa/core/build/index.js:354:3)
 ⁃ at async SuiteRunner.run (C:/dev/backend-III/betalent-api/node_modules/@japa/core/build/index.js:1100:4)
───────────────────────────────────────────────────────────────────────────────────────────────────────────────────────────[6/8]─

> Purchases / todos gateways falham retorna 502

- Expected  - 1
+ Received  + 1

- 502
+ 500

ℹ AssertionError: expected 500 to equal 502

 ⁃ at Assert.equal (C:/dev/backend-III/betalent-api/node_modules/@japa/assert/build/index.js:69:19)
 ⁃ at ApiResponse.assertStatus (C:/dev/backend-III/betalent-api/node_modules/@japa/api-client/build/index.js:196:15)
 ⁃ at Object.executor (C:/dev/backend-III/betalent-api/tests/functional/purchases.spec.ts:161:14)

   156 ┃        cardNumber: '5569000000006063',
   157 ┃        cvv: '010',
   158 ┃        products: [{ product_id: product.id, quantity: 1 }],
   159 ┃      })
   160 ┃
 ❯ 161 ┃      response.assertStatus(502)
   162 ┃      response.assertBodyContains({ code: 'E_GATEWAY_FAILURE' })
   163 ┃    })
   164 ┃
   165 ┃    test('cliente reutilizado por email', async ({ client }) => {
   166 ┃      mockGatewaysSuccess()

 ⁃ at process.processTicksAndRejections (node:internal/process/task_queues:104:5)
 ⁃ at async #wrapTestInTimeout (C:/dev/backend-III/betalent-api/node_modules/@japa/core/build/index.js:680:4)
 ⁃ at async TestRunner.run (C:/dev/backend-III/betalent-api/node_modules/@japa/core/build/index.js:710:4)
 ⁃ at async Test$1.exec (C:/dev/backend-III/betalent-api/node_modules/@japa/core/build/index.js:918:3)
 ⁃ at async GroupRunner.run (C:/dev/backend-III/betalent-api/node_modules/@japa/core/build/index.js:259:4)
 ⁃ at async Group$1.exec (C:/dev/backend-III/betalent-api/node_modules/@japa/core/build/index.js:354:3)
 ⁃ at async SuiteRunner.run (C:/dev/backend-III/betalent-api/node_modules/@japa/core/build/index.js:1100:4)
───────────────────────────────────────────────────────────────────────────────────────────────────────────────────────────[7/8]─

> Purchases / cliente reutilizado por email

- Expected  - 1
+ Received  + 1

- 201
+ 500

ℹ AssertionError: expected 500 to equal 201

 ⁃ at Assert.equal (C:/dev/backend-III/betalent-api/node_modules/@japa/assert/build/index.js:69:19)
 ⁃ at ApiResponse.assertStatus (C:/dev/backend-III/betalent-api/node_modules/@japa/api-client/build/index.js:196:15)
 ⁃ at Object.executor (C:/dev/backend-III/betalent-api/tests/functional/purchases.spec.ts:187:15)

   182 ┃        cvv: '010',
   183 ┃        products: [{ product_id: product.id, quantity: 1 }],
   184 ┃      }
   185 ┃
   186 ┃      const response1 = await client.post('/purchase').json(payload)
 ❯ 187 ┃      response1.assertStatus(201)
   188 ┃
   189 ┃      const response2 = await client.post('/purchase').json(payload)
   190 ┃      response2.assertStatus(201)
   191 ┃
   192 ┃      const clients = await Client.query().where('email', payload.email)

 ⁃ at process.processTicksAndRejections (node:internal/process/task_queues:104:5)
 ⁃ at async #wrapTestInTimeout (C:/dev/backend-III/betalent-api/node_modules/@japa/core/build/index.js:680:4)
 ⁃ at async TestRunner.run (C:/dev/backend-III/betalent-api/node_modules/@japa/core/build/index.js:710:4)
 ⁃ at async Test$1.exec (C:/dev/backend-III/betalent-api/node_modules/@japa/core/build/index.js:918:3)
 ⁃ at async GroupRunner.run (C:/dev/backend-III/betalent-api/node_modules/@japa/core/build/index.js:259:4)
 ⁃ at async Group$1.exec (C:/dev/backend-III/betalent-api/node_modules/@japa/core/build/index.js:354:3)
 ⁃ at async SuiteRunner.run (C:/dev/backend-III/betalent-api/node_modules/@japa/core/build/index.js:1100:4)
───────────────────────────────────────────────────────────────────────────────────────────────────────────────────────────[8/8]─

 FAILED 

Tests  8 failed (8)